<?xml version="1.0" encoding="UTF-8"?>
<!-- Generated by org.testng.reporters.JUnitReportReporter -->
<testsuite skipped="0" hostname="India-PC" name="scripts.HotelReviewTest" tests="1" failures="0" timestamp="2020-02-02T23:49:59 IST" time="262.881" errors="0">
  <testcase name="reviewTest" time="262.881" classname="scripts.HotelReviewTest"/>
  <system-out/>
</testsuite> <!-- scripts.HotelReviewTest -->
